
=============================== Coverage summary ===============================
Statements   : 96.67% ( 87/90 )
Branches     : 92% ( 46/50 )
Functions    : 100% ( 20/20 )
Lines        : 98.77% ( 80/81 )
================================================================================
----------|----------|----------|----------|----------|-------------------|
File      |  % Stmts | % Branch |  % Funcs |  % Lines | Uncovered Line #s |
----------|----------|----------|----------|----------|-------------------|
All files |    96.67 |       92 |      100 |    98.77 |                   |
 index.js |    96.67 |       92 |      100 |    98.77 |               222 |
----------|----------|----------|----------|----------|-------------------|
